{
	"Music": [
		{
			"Fantasma": "Fantasma.mus"
		},
		{
			"Zona1": "Zona1.mus"
		},
		{
			"Zona2": "Zona2.mus"
		},
		{
			"Zona3": "Zona3.mus"
		},
		{
			"Zona4": "Zona4.mus"
		},
		{
			"Menu": "Menu.mus"
		},
		{
			"Piramide": "Piramide.mus"
		},
		{
			"GameOver": "GameOver.mus"
		},
		{
			"EndingKO": "EndingKO.mus"
		},
		{
			"EndingOK": "EndingOK.mus"
		}
	],
	"SFX": [{
			"SFX1": [
				209, 63, 0, 209, 78, 0, 69, 109, 0, 255
			]
		},
		{
			"SFX2": [
				69, 47, 0, 232, 44, 5, 0, 57, 2, 255
			]
		},
		{
			"SFX3": [
				0, 11, 1, 0, 6, 1, 255
			]
		},
		{
			"SFX4": [
				186, 58, 0, 0, 102, 0, 162, 131, 0, 255
			]
		}
	]
}